<?xml version="1.0" encoding="UTF-8"?>
<testsuite name="com.xpay.pay.proxy.ips.IpsQuickPay" tests="1" skipped="0" failures="1" errors="0" timestamp="2018-05-01T07:28:31" hostname="lizemans-mbp" time="0.011">
  <properties/>
  <testcase name="acquireSms" classname="com.xpay.pay.proxy.ips.IpsQuickPay" time="0.011">
    <failure message="java.lang.NoClassDefFoundError: Could not initialize class com.xpay.pay.service.OrderService" type="java.lang.NoClassDefFoundError">java.lang.NoClassDefFoundError: Could not initialize class com.xpay.pay.service.OrderService
	at java.lang.Class.forName0(Native Method)
	at java.lang.Class.forName(Class.java:348)
	at org.apache.logging.log4j.core.util.Loader.initializeClass(Loader.java:301)
	at org.apache.logging.log4j.core.impl.ThrowableProxy.loadClass(ThrowableProxy.java:500)
	at org.apache.logging.log4j.core.impl.ThrowableProxy.toExtendedStackTrace(ThrowableProxy.java:621)
	at org.apache.logging.log4j.core.impl.ThrowableProxy.&lt;init&gt;(ThrowableProxy.java:170)
	at org.apache.logging.log4j.core.impl.ThrowableProxy.&lt;init&gt;(ThrowableProxy.java:171)
	at org.apache.logging.log4j.core.impl.ThrowableProxy.&lt;init&gt;(ThrowableProxy.java:171)
	at org.apache.logging.log4j.core.impl.ThrowableProxy.&lt;init&gt;(ThrowableProxy.java:171)
	at org.apache.logging.log4j.core.impl.ThrowableProxy.&lt;init&gt;(ThrowableProxy.java:171)
	at org.apache.logging.log4j.core.impl.ThrowableProxy.&lt;init&gt;(ThrowableProxy.java:171)
	at org.apache.logging.log4j.core.impl.ThrowableProxy.&lt;init&gt;(ThrowableProxy.java:148)
	at org.apache.logging.log4j.core.impl.Log4jLogEvent.getThrownProxy(Log4jLogEvent.java:270)
	at org.apache.logging.log4j.core.pattern.ExtendedThrowablePatternConverter.format(ExtendedThrowablePatternConverter.java:64)
	at org.apache.logging.log4j.core.pattern.PatternFormatter.format(PatternFormatter.java:36)
	at org.apache.logging.log4j.core.layout.PatternLayout.toSerializable(PatternLayout.java:189)
	at org.apache.logging.log4j.core.layout.PatternLayout.toSerializable(PatternLayout.java:53)
	at org.apache.logging.log4j.core.layout.AbstractStringLayout.toByteArray(AbstractStringLayout.java:52)
	at org.apache.logging.log4j.core.appender.AbstractOutputStreamAppender.append(AbstractOutputStreamAppender.java:104)
	at org.apache.logging.log4j.core.appender.RollingFileAppender.append(RollingFileAppender.java:86)
	at org.apache.logging.log4j.core.config.AppenderControl.callAppender(AppenderControl.java:97)
	at org.apache.logging.log4j.core.config.LoggerConfig.callAppenders(LoggerConfig.java:428)
	at org.apache.logging.log4j.core.config.LoggerConfig.log(LoggerConfig.java:407)
	at org.apache.logging.log4j.core.config.LoggerConfig.log(LoggerConfig.java:365)
	at org.apache.logging.log4j.core.Logger.logMessage(Logger.java:103)
	at org.apache.logging.slf4j.Log4jLogger.log(Log4jLogger.java:374)
	at org.apache.commons.logging.impl.SLF4JLocationAwareLog.error(SLF4JLocationAwareLog.java:216)
	at org.springframework.test.context.TestContextManager.prepareTestInstance(TestContextManager.java:231)
	at org.springframework.test.context.junit4.SpringJUnit4ClassRunner.createTest(SpringJUnit4ClassRunner.java:230)
	at org.springframework.test.context.junit4.SpringJUnit4ClassRunner$1.runReflectiveCall(SpringJUnit4ClassRunner.java:289)
	at org.junit.internal.runners.model.ReflectiveCallable.run(ReflectiveCallable.java:12)
	at org.springframework.test.context.junit4.SpringJUnit4ClassRunner.methodBlock(SpringJUnit4ClassRunner.java:291)
	at org.springframework.test.context.junit4.SpringJUnit4ClassRunner.runChild(SpringJUnit4ClassRunner.java:249)
	at org.springframework.test.context.junit4.SpringJUnit4ClassRunner.runChild(SpringJUnit4ClassRunner.java:89)
	at org.junit.runners.ParentRunner$3.run(ParentRunner.java:290)
	at org.junit.runners.ParentRunner$1.schedule(ParentRunner.java:71)
	at org.junit.runners.ParentRunner.runChildren(ParentRunner.java:288)
	at org.junit.runners.ParentRunner.access$000(ParentRunner.java:58)
	at org.junit.runners.ParentRunner$2.evaluate(ParentRunner.java:268)
	at org.springframework.test.context.junit4.statements.RunBeforeTestClassCallbacks.evaluate(RunBeforeTestClassCallbacks.java:61)
	at org.springframework.test.context.junit4.statements.RunAfterTestClassCallbacks.evaluate(RunAfterTestClassCallbacks.java:70)
	at org.junit.runners.ParentRunner.run(ParentRunner.java:363)
	at org.springframework.test.context.junit4.SpringJUnit4ClassRunner.run(SpringJUnit4ClassRunner.java:193)
	at org.gradle.api.internal.tasks.testing.junit.JUnitTestClassExecuter.runTestClass(JUnitTestClassExecuter.java:114)
	at org.gradle.api.internal.tasks.testing.junit.JUnitTestClassExecuter.execute(JUnitTestClassExecuter.java:57)
	at org.gradle.api.internal.tasks.testing.junit.JUnitTestClassProcessor.processTestClass(JUnitTestClassProcessor.java:66)
	at org.gradle.api.internal.tasks.testing.SuiteTestClassProcessor.processTestClass(SuiteTestClassProcessor.java:51)
	at sun.reflect.NativeMethodAccessorImpl.invoke0(Native Method)
	at sun.reflect.NativeMethodAccessorImpl.invoke(NativeMethodAccessorImpl.java:62)
	at sun.reflect.DelegatingMethodAccessorImpl.invoke(DelegatingMethodAccessorImpl.java:43)
	at java.lang.reflect.Method.invoke(Method.java:497)
	at org.gradle.internal.dispatch.ReflectionDispatch.dispatch(ReflectionDispatch.java:35)
	at org.gradle.internal.dispatch.ReflectionDispatch.dispatch(ReflectionDispatch.java:24)
	at org.gradle.internal.dispatch.ContextClassLoaderDispatch.dispatch(ContextClassLoaderDispatch.java:32)
	at org.gradle.internal.dispatch.ProxyDispatchAdapter$DispatchingInvocationHandler.invoke(ProxyDispatchAdapter.java:93)
	at com.sun.proxy.$Proxy2.processTestClass(Unknown Source)
	at org.gradle.api.internal.tasks.testing.worker.TestWorker.processTestClass(TestWorker.java:109)
	at sun.reflect.NativeMethodAccessorImpl.invoke0(Native Method)
	at sun.reflect.NativeMethodAccessorImpl.invoke(NativeMethodAccessorImpl.java:62)
	at sun.reflect.DelegatingMethodAccessorImpl.invoke(DelegatingMethodAccessorImpl.java:43)
	at java.lang.reflect.Method.invoke(Method.java:497)
	at org.gradle.internal.dispatch.ReflectionDispatch.dispatch(ReflectionDispatch.java:35)
	at org.gradle.internal.dispatch.ReflectionDispatch.dispatch(ReflectionDispatch.java:24)
	at org.gradle.internal.remote.internal.hub.MessageHub$Handler.run(MessageHub.java:377)
	at org.gradle.internal.concurrent.ExecutorPolicy$CatchAndRecordFailures.onExecute(ExecutorPolicy.java:54)
	at org.gradle.internal.concurrent.StoppableExecutorImpl$1.run(StoppableExecutorImpl.java:40)
	at java.util.concurrent.ThreadPoolExecutor.runWorker(ThreadPoolExecutor.java:1142)
	at java.util.concurrent.ThreadPoolExecutor$Worker.run(ThreadPoolExecutor.java:617)
	at java.lang.Thread.run(Thread.java:745)
</failure>
  </testcase>
  <system-out><![CDATA[]]></system-out>
  <system-err><![CDATA[]]></system-err>
</testsuite>
